<?xml version="1.0" encoding="UTF-8"?>
<!-- Generated by org.testng.reporters.JUnitReportReporter -->
<testsuite hostname="DESKTOP-H0PI4DT" failures="0" tests="1" name="rutoExample.HRMLoginTest" time="5.162" errors="0" timestamp="2022-02-03T10:27:26 IST" skipped="0">
  <testcase classname="rutoExample.HRMLoginTest" name="verifyLogin" time="5.162"/>
</testsuite> <!-- rutoExample.HRMLoginTest -->
