<?xml version="1.0" encoding="UTF-8"?>
<!-- Generated by org.testng.reporters.JUnitReportReporter -->
<testsuite hostname="DESKTOP-CDI064C" failures="0" tests="6" name="crossbrowserTesting.LoginExample" time="43.265" errors="0" timestamp="2022-02-03T14:04:29 IST" skipped="0">
  <testcase classname="crossbrowserTesting.LoginExample" name="verifyLogin" time="10.980"/>
  <testcase classname="crossbrowserTesting.LoginExample" name="verifyLogin" time="14.017"/>
  <testcase classname="crossbrowserTesting.LoginExample" name="verifyDashboard" time="0.103"/>
  <testcase classname="crossbrowserTesting.LoginExample" name="verifyDashboard" time="0.037"/>
  <testcase classname="crossbrowserTesting.LoginExample" name="verifyLogout" time="9.265"/>
  <testcase classname="crossbrowserTesting.LoginExample" name="verifyLogout" time="8.863"/>
</testsuite> <!-- crossbrowserTesting.LoginExample -->
