<?xml version="1.0" encoding="UTF-8"?>
<!-- Generated by org.testng.reporters.JUnitReportReporter -->
<testsuite hostname="DESKTOP-CDI064C" failures="0" tests="3" name="testNGExample.AmazonTest_Priority" time="9.638" errors="0" timestamp="2022-02-03T13:32:30 IST" skipped="0">
  <testcase classname="testNGExample.AmazonTest_Priority" name="verifyAppTitleBeforeSearch" time="0.016"/>
  <testcase classname="testNGExample.AmazonTest_Priority" name="searchItems" time="9.595"/>
  <testcase classname="testNGExample.AmazonTest_Priority" name="verifyAppTitleAfterSearch" time="0.027"/>
</testsuite> <!-- testNGExample.AmazonTest_Priority -->
