<?xml version="1.0" encoding="UTF-8"?>
<!-- Generated by org.testng.reporters.JUnitReportReporter -->
<testsuite hostname="DESKTOP-CDI064C" failures="0" tests="2" name="testNGExample.AmazonTest" time="7.798" errors="0" timestamp="2022-02-03T13:32:30 IST" skipped="0">
  <testcase classname="testNGExample.AmazonTest" name="searchItems" time="7.764"/>
  <testcase classname="testNGExample.AmazonTest" name="verifyAppTitle" time="0.034"/>
</testsuite> <!-- testNGExample.AmazonTest -->
